
*** crates/core/src/result.rs:175:9: replace <impl OptionExt<T> for Option<T>>::tap_some -> Self with Default::default()

*** mutation diff:
--- crates/core/src/result.rs
+++ replace <impl OptionExt<T> for Option<T>>::tap_some -> Self with Default::default()
@@ -167,20 +167,17 @@
 }
 
 impl<T> OptionExt<T> for Option<T> {
     fn ok_or_else_lazy<E, F: FnOnce() -> E>(self, err: F) -> std::result::Result<T, E> {
         self.ok_or_else(err)
     }
 
     fn tap_some<F: FnOnce(&T)>(self, f: F) -> Self {
-        if let Some(ref v) = self {
-            f(v);
-        }
-        self
+        Default::default() /* ~ changed by cargo-mutants ~ */
     }
 
     fn tap_none<F: FnOnce()>(self, f: F) -> Self {
         if self.is_none() {
             f();
         }
         self
     }


*** /home/lewis/.rustup/toolchains/stable-x86_64-unknown-linux-gnu/bin/cargo test --no-run --verbose --package=oya-core@0.1.0
       Fresh unicode-ident v1.0.22
       Fresh proc-macro2 v1.0.106
       Fresh once_cell v1.21.3
       Fresh either v1.15.0
       Fresh itoa v1.0.17
       Fresh memchr v2.7.6
       Fresh pin-project-lite v0.2.16
       Fresh quote v1.0.44
       Fresh tracing-core v0.1.36
       Fresh itertools v0.14.0
       Fresh syn v2.0.114
       Fresh serde_core v1.0.228
       Fresh zmij v1.0.19
       Fresh thiserror-impl v2.0.18
       Fresh tracing-attributes v0.1.31
       Fresh serde_derive v1.0.228
       Fresh serde_json v1.0.149
       Fresh tracing v0.1.44
       Fresh thiserror v2.0.18
       Fresh serde v1.0.228
       Dirty oya-core v0.1.0 (/tmp/cargo-mutants-oya-B4lXUj.tmp/crates/core): couldn't read metadata for file `target/debug/deps/liboya_core-223db9c19506f4d9.rlib`
   Compiling oya-core v0.1.0 (/tmp/cargo-mutants-oya-B4lXUj.tmp/crates/core)
     Running `/home/lewis/.cargo/bin/sccache /home/lewis/.rustup/toolchains/stable-x86_64-unknown-linux-gnu/bin/rustc --crate-name oya_core --edition=2024 crates/core/src/lib.rs --error-format=json --json=diagnostic-rendered-ansi,artifacts,future-incompat --crate-type lib --emit=dep-info,metadata,link -C embed-bitcode=no -C debuginfo=2 '--forbid=clippy::unwrap_used' --forbid=unsafe_code '--forbid=clippy::unreachable' '--forbid=clippy::unimplemented' '--warn=clippy::todo' '--forbid=clippy::panic' '--deny=clippy::expect_used' --check-cfg 'cfg(docsrs,test)' --check-cfg 'cfg(feature, values())' -C metadata=f21bb62720581c74 -C extra-filename=-223db9c19506f4d9 --out-dir /tmp/cargo-mutants-oya-B4lXUj.tmp/target/debug/deps -C incremental=/tmp/cargo-mutants-oya-B4lXUj.tmp/target/debug/incremental -L dependency=/tmp/cargo-mutants-oya-B4lXUj.tmp/target/debug/deps --extern itertools=/tmp/cargo-mutants-oya-B4lXUj.tmp/target/debug/deps/libitertools-11274a8d9e3a9689.rmeta --extern serde=/tmp/cargo-mutants-oya-B4lXUj.tmp/target/debug/deps/libserde-fe166f9ac490eb6e.rmeta --extern serde_json=/tmp/cargo-mutants-oya-B4lXUj.tmp/target/debug/deps/libserde_json-d9038d4548f8e3e6.rmeta --extern thiserror=/tmp/cargo-mutants-oya-B4lXUj.tmp/target/debug/deps/libthiserror-86f1dcb938a15d13.rmeta --extern tracing=/tmp/cargo-mutants-oya-B4lXUj.tmp/target/debug/deps/libtracing-3467aedb706d4073.rmeta`
     Running `/home/lewis/.cargo/bin/sccache /home/lewis/.rustup/toolchains/stable-x86_64-unknown-linux-gnu/bin/rustc --crate-name oya_core --edition=2024 crates/core/src/lib.rs --error-format=json --json=diagnostic-rendered-ansi,artifacts,future-incompat --emit=dep-info,link -C embed-bitcode=no -C debuginfo=2 '--forbid=clippy::unwrap_used' --forbid=unsafe_code '--forbid=clippy::unreachable' '--forbid=clippy::unimplemented' '--warn=clippy::todo' '--forbid=clippy::panic' '--deny=clippy::expect_used' --test --check-cfg 'cfg(docsrs,test)' --check-cfg 'cfg(feature, values())' -C metadata=93a1f48c1bbf84fa -C extra-filename=-be307b31886b8a9a --out-dir /tmp/cargo-mutants-oya-B4lXUj.tmp/target/debug/deps -C incremental=/tmp/cargo-mutants-oya-B4lXUj.tmp/target/debug/incremental -L dependency=/tmp/cargo-mutants-oya-B4lXUj.tmp/target/debug/deps --extern itertools=/tmp/cargo-mutants-oya-B4lXUj.tmp/target/debug/deps/libitertools-11274a8d9e3a9689.rlib --extern serde=/tmp/cargo-mutants-oya-B4lXUj.tmp/target/debug/deps/libserde-fe166f9ac490eb6e.rlib --extern serde_json=/tmp/cargo-mutants-oya-B4lXUj.tmp/target/debug/deps/libserde_json-d9038d4548f8e3e6.rlib --extern thiserror=/tmp/cargo-mutants-oya-B4lXUj.tmp/target/debug/deps/libthiserror-86f1dcb938a15d13.rlib --extern tracing=/tmp/cargo-mutants-oya-B4lXUj.tmp/target/debug/deps/libtracing-3467aedb706d4073.rlib`
warning: unused variable: `f`
   --> crates/core/src/result.rs:174:38
    |
174 |     fn tap_some<F: FnOnce(&T)>(self, f: F) -> Self {
    |                                      ^ help: if this is intentional, prefix it with an underscore: `_f`
    |
    = note: `#[warn(unused_variables)]` (part of `#[warn(unused)]`) on by default

warning: `oya-core` (lib) generated 1 warning (run `cargo fix --lib -p oya-core` to apply 1 suggestion)
warning: `oya-core` (lib test) generated 1 warning (1 duplicate)
    Finished `test` profile [unoptimized + debuginfo] target(s) in 0.13s
  Executable `/tmp/cargo-mutants-oya-B4lXUj.tmp/target/debug/deps/oya_core-be307b31886b8a9a`

*** result: Success

*** /home/lewis/.rustup/toolchains/stable-x86_64-unknown-linux-gnu/bin/cargo test --verbose --package=oya-core@0.1.0
       Fresh unicode-ident v1.0.22
       Fresh proc-macro2 v1.0.106
       Fresh once_cell v1.21.3
       Fresh memchr v2.7.6
       Fresh itoa v1.0.17
       Fresh either v1.15.0
       Fresh pin-project-lite v0.2.16
       Fresh quote v1.0.44
       Fresh serde_core v1.0.228
       Fresh tracing-core v0.1.36
       Fresh itertools v0.14.0
       Fresh syn v2.0.114
       Fresh zmij v1.0.19
       Fresh serde_derive v1.0.228
       Fresh thiserror-impl v2.0.18
       Fresh tracing-attributes v0.1.31
       Fresh serde_json v1.0.149
       Fresh serde v1.0.228
       Fresh thiserror v2.0.18
       Fresh tracing v0.1.44
warning: unused variable: `f`
   --> crates/core/src/result.rs:174:38
    |
174 |     fn tap_some<F: FnOnce(&T)>(self, f: F) -> Self {
    |                                      ^ help: if this is intentional, prefix it with an underscore: `_f`
    |
    = note: `#[warn(unused_variables)]` (part of `#[warn(unused)]`) on by default

warning: `oya-core` (lib) generated 1 warning (run `cargo fix --lib -p oya-core` to apply 1 suggestion)
warning: `oya-core` (lib test) generated 1 warning (1 duplicate)
       Fresh oya-core v0.1.0 (/tmp/cargo-mutants-oya-B4lXUj.tmp/crates/core)
    Finished `test` profile [unoptimized + debuginfo] target(s) in 0.05s
     Running `/tmp/cargo-mutants-oya-B4lXUj.tmp/target/debug/deps/oya_core-be307b31886b8a9a`

running 15 tests
test result::tests::test_and_then_do_effect_fails ... ok
test result::tests::test_and_then_do_success ... ok
test result::tests::test_bimap_err ... ok
test result::tests::test_bimap_ok ... ok
test result::tests::test_ok_or_else_lazy ... ok
test result::tests::test_result_inspect_error ... ok
test result::tests::test_result_into_option_err ... ok
test result::tests::test_result_into_option_ok ... ok
test result::tests::test_result_or_default_logged_err ... ok
test result::tests::test_result_or_default_logged_ok ... ok
test result::tests::test_tap_err ... ok
test result::tests::test_tap_none ... ok
test result::tests::test_tap_ok ... ok
test result::tests::test_with_context ... ok
test result::tests::test_tap_some ... FAILED

failures:

---- result::tests::test_tap_some stdout ----

thread 'result::tests::test_tap_some' (2050330) panicked at crates/core/src/result.rs:287:9:
assertion `left == right` failed
  left: 0
 right: 42
note: run with `RUST_BACKTRACE=1` environment variable to display a backtrace


failures:
    result::tests::test_tap_some

test result: FAILED. 14 passed; 1 failed; 0 ignored; 0 measured; 0 filtered out; finished in 0.00s

error: test failed, to rerun pass `-p oya-core --lib`

*** result: Failure(101)
